<?xml version="1.0" encoding="UTF-8"?>
<!-- Generated by org.testng.reporters.JUnitReportReporter -->
<testsuite skipped="0" hostname="DESKTOP-3L9UGKR" name="com.Amazon.AmazonAssessment" tests="5" failures="0" timestamp="19 May 2021 21:24:29 GMT" time="27.954" errors="0">
  <testcase name="tc3" time="0.416" classname="com.Amazon.AmazonAssessment"/>
  <testcase name="tc4" time="10.002" classname="com.Amazon.AmazonAssessment"/>
  <testcase name="tc5" time="4.084" classname="com.Amazon.AmazonAssessment"/>
  <testcase name="tc1" time="3.388" classname="com.Amazon.AmazonAssessment"/>
  <testcase name="tc2" time="10.064" classname="com.Amazon.AmazonAssessment"/>
</testsuite> <!-- com.Amazon.AmazonAssessment -->
