<?xml version="1.0" encoding="UTF-8"?>
<!-- Generated by org.testng.reporters.JUnitReportReporter -->
<testsuite skipped="0" hostname="DESKTOP-3L9UGKR" name="com.Blaze.BlazzeDemo" tests="1" failures="0" timestamp="08 May 2021 05:58:03 GMT" time="2.774" errors="0">
  <testcase name="demo" time="2.774" classname="com.Blaze.BlazzeDemo"/>
</testsuite> <!-- com.Blaze.BlazzeDemo -->
